2024-10-20 23:17:01 [main] INFO  com.solid.login.SolidloginApplication - Starting SolidloginApplication using Java 21 with PID 15208 (C:\Diplomado Microservicios NUR\Clase1_TrabajoSOLID\bo-dams-solid-login\target\classes started by Marco in C:\Diplomado Microservicios NUR\Clase1_TrabajoSOLID\bo-dams-solid-login)
2024-10-20 23:17:01 [main] INFO  com.solid.login.SolidloginApplication - No active profile set, falling back to 1 default profile: "default"
2024-10-20 23:17:02 [main] INFO  org.springframework.data.repository.config.RepositoryConfigurationDelegate - Bootstrapping Spring Data JPA repositories in DEFAULT mode.
2024-10-20 23:17:02 [main] INFO  org.springframework.data.repository.config.RepositoryConfigurationDelegate - Finished Spring Data repository scanning in 100 ms. Found 2 JPA repository interfaces.
2024-10-20 23:17:03 [main] INFO  org.springframework.boot.web.embedded.tomcat.TomcatWebServer - Tomcat initialized with port 8099 (http)
2024-10-20 23:17:03 [main] INFO  org.apache.coyote.http11.Http11NioProtocol - Initializing ProtocolHandler ["http-nio-8099"]
2024-10-20 23:17:03 [main] INFO  org.apache.catalina.core.StandardService - Starting service [Tomcat]
2024-10-20 23:17:03 [main] INFO  org.apache.catalina.core.StandardEngine - Starting Servlet engine: [Apache Tomcat/10.1.30]
2024-10-20 23:17:03 [main] INFO  org.apache.catalina.core.ContainerBase.[Tomcat].[localhost].[/] - Initializing Spring embedded WebApplicationContext
2024-10-20 23:17:03 [main] INFO  org.springframework.boot.web.servlet.context.ServletWebServerApplicationContext - Root WebApplicationContext: initialization completed in 2116 ms
2024-10-20 23:17:03 [main] INFO  com.zaxxer.hikari.HikariDataSource - HikariPool-1 - Starting...
2024-10-20 23:17:03 [main] INFO  com.zaxxer.hikari.pool.HikariPool - HikariPool-1 - Added connection conn0: url=jdbc:h2:mem:solidlogindb user=ROOT
2024-10-20 23:17:03 [main] INFO  com.zaxxer.hikari.HikariDataSource - HikariPool-1 - Start completed.
2024-10-20 23:17:03 [main] INFO  org.springframework.boot.autoconfigure.h2.H2ConsoleAutoConfiguration - H2 console available at '/h2-console'. Database available at 'jdbc:h2:mem:solidlogindb'
2024-10-20 23:17:04 [main] INFO  org.hibernate.jpa.internal.util.LogHelper - HHH000204: Processing PersistenceUnitInfo [name: default]
2024-10-20 23:17:04 [main] INFO  org.hibernate.Version - HHH000412: Hibernate ORM core version 6.5.3.Final
2024-10-20 23:17:04 [main] INFO  org.hibernate.cache.internal.RegionFactoryInitiator - HHH000026: Second-level cache disabled
2024-10-20 23:17:04 [main] INFO  org.springframework.orm.jpa.persistenceunit.SpringPersistenceUnitInfo - No LoadTimeWeaver setup: ignoring JPA class transformer
2024-10-20 23:17:04 [main] WARN  org.hibernate.orm.deprecation - HHH90000025: H2Dialect does not need to be specified explicitly using 'hibernate.dialect' (remove the property setting and it will be selected by default)
2024-10-20 23:17:05 [main] INFO  org.hibernate.engine.transaction.jta.platform.internal.JtaPlatformInitiator - HHH000489: No JTA platform available (set 'hibernate.transaction.jta.platform' to enable JTA platform integration)
2024-10-20 23:17:05 [main] INFO  org.springframework.orm.jpa.LocalContainerEntityManagerFactoryBean - Initialized JPA EntityManagerFactory for persistence unit 'default'
2024-10-20 23:17:06 [main] INFO  org.springframework.data.jpa.repository.query.QueryEnhancerFactory - Hibernate is in classpath; If applicable, HQL parser will be used.
2024-10-20 23:17:06 [main] INFO  com.solid.login.service.logger.LoggerManager - Cambiando el tipo de logger despues: class com.solid.login.service.logger.LoogerLog4jImpl
2024-10-20 23:17:06 [main] INFO  com.solid.login.service.cifrado.CifradoManager - Cambiando el tipo de cifrado antes: null
2024-10-20 23:17:06 [main] INFO  com.solid.login.service.cifrado.CifradoManager - Cambiando el tipo de cifrado despues: class com.solid.login.service.cifrado.CifrarBase64Impl
2024-10-20 23:17:07 [main] WARN  org.springframework.boot.autoconfigure.orm.jpa.JpaBaseConfiguration$JpaWebConfiguration - spring.jpa.open-in-view is enabled by default. Therefore, database queries may be performed during view rendering. Explicitly configure spring.jpa.open-in-view to disable this warning
2024-10-20 23:17:07 [main] INFO  org.apache.coyote.http11.Http11NioProtocol - Starting ProtocolHandler ["http-nio-8099"]
2024-10-20 23:17:07 [main] INFO  org.springframework.boot.web.embedded.tomcat.TomcatWebServer - Tomcat started on port 8099 (http) with context path '/'
2024-10-20 23:17:07 [main] INFO  com.solid.login.SolidloginApplication - Started SolidloginApplication in 6.892 seconds (process running for 9.708)
2024-10-20 23:21:18 [http-nio-8099-exec-1] INFO  org.apache.catalina.core.ContainerBase.[Tomcat].[localhost].[/] - Initializing Spring DispatcherServlet 'dispatcherServlet'
2024-10-20 23:21:18 [http-nio-8099-exec-1] INFO  org.springframework.web.servlet.DispatcherServlet - Initializing Servlet 'dispatcherServlet'
2024-10-20 23:21:18 [http-nio-8099-exec-1] INFO  org.springframework.web.servlet.DispatcherServlet - Completed initialization in 2 ms
2024-10-20 23:21:18 [http-nio-8099-exec-1] INFO  com.solid.login.Controller.UsuarioControllerImpl - Consultando listado de usuario...
2024-10-20 23:21:24 [http-nio-8099-exec-3] INFO  com.solid.login.Controller.UsuarioControllerImpl - usuario creado augustodwds
2024-10-20 23:21:34 [http-nio-8099-exec-4] INFO  com.solid.login.Controller.UsuarioControllerImpl - Consultando listado de usuario...
2024-10-20 23:21:39 [http-nio-8099-exec-5] INFO  com.solid.login.Controller.UsuarioControllerImpl - Consultando usuario id = 1 -> Usuario [nombre=Marco Augusto,apellido=Pe침a Alc칩ce,user=augustodwds,pass=MTIzNDU2]
2024-10-20 23:21:51 [http-nio-8099-exec-6] INFO  com.solid.login.service.cifrado.CifradoManager - Cambiando el tipo de cifrado antes: class com.solid.login.service.cifrado.CifrarBase64Impl
2024-10-20 23:21:51 [http-nio-8099-exec-6] INFO  com.solid.login.service.cifrado.CifradoManager - Cambiando el tipo de cifrado despues: class com.solid.login.service.cifrado.CifrarHashCodeImpl
2024-10-20 23:21:57 [http-nio-8099-exec-7] INFO  com.solid.login.service.logger.LoggerManager - Cambiando el tipo de logger antes: class com.solid.login.service.logger.LoogerLog4jImpl
2024-10-20 23:25:10 [SpringApplicationShutdownHook] INFO  org.springframework.orm.jpa.LocalContainerEntityManagerFactoryBean - Closing JPA EntityManagerFactory for persistence unit 'default'
2024-10-20 23:25:10 [SpringApplicationShutdownHook] INFO  com.zaxxer.hikari.HikariDataSource - HikariPool-1 - Shutdown initiated...
2024-10-20 23:25:10 [SpringApplicationShutdownHook] INFO  com.zaxxer.hikari.HikariDataSource - HikariPool-1 - Shutdown completed.
2024-10-20 23:27:27 [main] INFO  com.solid.login.SolidloginApplication - Starting SolidloginApplication using Java 21 with PID 20432 (C:\Diplomado Microservicios NUR\Clase1_TrabajoSOLID\bo-dams-solid-login\target\classes started by Marco in C:\Diplomado Microservicios NUR\Clase1_TrabajoSOLID\bo-dams-solid-login)
2024-10-20 23:27:27 [main] INFO  com.solid.login.SolidloginApplication - No active profile set, falling back to 1 default profile: "default"
2024-10-20 23:27:28 [main] INFO  org.springframework.data.repository.config.RepositoryConfigurationDelegate - Bootstrapping Spring Data JPA repositories in DEFAULT mode.
2024-10-20 23:27:28 [main] INFO  org.springframework.data.repository.config.RepositoryConfigurationDelegate - Finished Spring Data repository scanning in 92 ms. Found 2 JPA repository interfaces.
2024-10-20 23:27:29 [main] INFO  org.springframework.boot.web.embedded.tomcat.TomcatWebServer - Tomcat initialized with port 8099 (http)
2024-10-20 23:27:29 [main] INFO  org.apache.coyote.http11.Http11NioProtocol - Initializing ProtocolHandler ["http-nio-8099"]
2024-10-20 23:27:29 [main] INFO  org.apache.catalina.core.StandardService - Starting service [Tomcat]
2024-10-20 23:27:29 [main] INFO  org.apache.catalina.core.StandardEngine - Starting Servlet engine: [Apache Tomcat/10.1.30]
2024-10-20 23:27:29 [main] INFO  org.apache.catalina.core.ContainerBase.[Tomcat].[localhost].[/] - Initializing Spring embedded WebApplicationContext
2024-10-20 23:27:29 [main] INFO  org.springframework.boot.web.servlet.context.ServletWebServerApplicationContext - Root WebApplicationContext: initialization completed in 2021 ms
2024-10-20 23:27:29 [main] INFO  com.zaxxer.hikari.HikariDataSource - HikariPool-1 - Starting...
2024-10-20 23:27:30 [main] INFO  com.zaxxer.hikari.pool.HikariPool - HikariPool-1 - Added connection conn0: url=jdbc:h2:mem:solidlogindb user=ROOT
2024-10-20 23:27:30 [main] INFO  com.zaxxer.hikari.HikariDataSource - HikariPool-1 - Start completed.
2024-10-20 23:27:30 [main] INFO  org.springframework.boot.autoconfigure.h2.H2ConsoleAutoConfiguration - H2 console available at '/h2-console'. Database available at 'jdbc:h2:mem:solidlogindb'
2024-10-20 23:27:30 [main] INFO  org.hibernate.jpa.internal.util.LogHelper - HHH000204: Processing PersistenceUnitInfo [name: default]
2024-10-20 23:27:30 [main] INFO  org.hibernate.Version - HHH000412: Hibernate ORM core version 6.5.3.Final
2024-10-20 23:27:30 [main] INFO  org.hibernate.cache.internal.RegionFactoryInitiator - HHH000026: Second-level cache disabled
2024-10-20 23:27:31 [main] INFO  org.springframework.orm.jpa.persistenceunit.SpringPersistenceUnitInfo - No LoadTimeWeaver setup: ignoring JPA class transformer
2024-10-20 23:27:31 [main] WARN  org.hibernate.orm.deprecation - HHH90000025: H2Dialect does not need to be specified explicitly using 'hibernate.dialect' (remove the property setting and it will be selected by default)
2024-10-20 23:27:32 [main] INFO  org.hibernate.engine.transaction.jta.platform.internal.JtaPlatformInitiator - HHH000489: No JTA platform available (set 'hibernate.transaction.jta.platform' to enable JTA platform integration)
2024-10-20 23:27:32 [main] INFO  org.springframework.orm.jpa.LocalContainerEntityManagerFactoryBean - Initialized JPA EntityManagerFactory for persistence unit 'default'
2024-10-20 23:27:32 [main] INFO  org.springframework.data.jpa.repository.query.QueryEnhancerFactory - Hibernate is in classpath; If applicable, HQL parser will be used.
2024-10-20 23:27:33 [main] INFO  com.solid.login.service.logger.LoggerManager - Cambiando el tipo de logger despues: class com.solid.login.service.logger.LoogerLog4jImpl
2024-10-20 23:27:33 [main] INFO  com.solid.login.service.cifrado.CifradoManager - Cambiando el tipo de cifrado antes: null
2024-10-20 23:27:33 [main] INFO  com.solid.login.service.cifrado.CifradoManager - Cambiando el tipo de cifrado despues: class com.solid.login.service.cifrado.CifrarBase64Impl
2024-10-20 23:27:33 [main] WARN  org.springframework.boot.autoconfigure.orm.jpa.JpaBaseConfiguration$JpaWebConfiguration - spring.jpa.open-in-view is enabled by default. Therefore, database queries may be performed during view rendering. Explicitly configure spring.jpa.open-in-view to disable this warning
2024-10-20 23:27:34 [main] INFO  org.apache.coyote.http11.Http11NioProtocol - Starting ProtocolHandler ["http-nio-8099"]
2024-10-20 23:27:34 [main] INFO  org.springframework.boot.web.embedded.tomcat.TomcatWebServer - Tomcat started on port 8099 (http) with context path '/'
2024-10-20 23:27:34 [main] INFO  com.solid.login.SolidloginApplication - Started SolidloginApplication in 7.131 seconds (process running for 8.515)
2024-10-20 23:27:52 [http-nio-8099-exec-1] INFO  org.apache.catalina.core.ContainerBase.[Tomcat].[localhost].[/] - Initializing Spring DispatcherServlet 'dispatcherServlet'
2024-10-20 23:27:52 [http-nio-8099-exec-1] INFO  org.springframework.web.servlet.DispatcherServlet - Initializing Servlet 'dispatcherServlet'
2024-10-20 23:27:52 [http-nio-8099-exec-1] INFO  org.springframework.web.servlet.DispatcherServlet - Completed initialization in 1 ms
2024-10-20 23:27:52 [http-nio-8099-exec-1] INFO  com.solid.login.service.cifrado.CifradoManager - Cambiando el tipo de cifrado antes: class com.solid.login.service.cifrado.CifrarBase64Impl
2024-10-20 23:27:52 [http-nio-8099-exec-1] INFO  com.solid.login.service.cifrado.CifradoManager - Cambiando el tipo de cifrado despues: class com.solid.login.service.cifrado.CifrarHashCodeImpl
2024-10-20 23:28:04 [http-nio-8099-exec-3] INFO  com.solid.login.service.logger.LoggerManager - Cambiando el tipo de logger antes: class com.solid.login.service.logger.LoogerLog4jImpl
2024-10-20 23:29:06 [SpringApplicationShutdownHook] INFO  org.springframework.orm.jpa.LocalContainerEntityManagerFactoryBean - Closing JPA EntityManagerFactory for persistence unit 'default'
2024-10-20 23:29:06 [SpringApplicationShutdownHook] INFO  com.zaxxer.hikari.HikariDataSource - HikariPool-1 - Shutdown initiated...
2024-10-20 23:29:06 [SpringApplicationShutdownHook] INFO  com.zaxxer.hikari.HikariDataSource - HikariPool-1 - Shutdown completed.
2024-10-20 23:29:11 [main] INFO  com.solid.login.SolidloginApplication - Starting SolidloginApplication using Java 21 with PID 24660 (C:\Diplomado Microservicios NUR\Clase1_TrabajoSOLID\bo-dams-solid-login\target\classes started by Marco in C:\Diplomado Microservicios NUR\Clase1_TrabajoSOLID\bo-dams-solid-login)
2024-10-20 23:29:11 [main] INFO  com.solid.login.SolidloginApplication - No active profile set, falling back to 1 default profile: "default"
2024-10-20 23:29:12 [main] INFO  org.springframework.data.repository.config.RepositoryConfigurationDelegate - Bootstrapping Spring Data JPA repositories in DEFAULT mode.
2024-10-20 23:29:12 [main] INFO  org.springframework.data.repository.config.RepositoryConfigurationDelegate - Finished Spring Data repository scanning in 75 ms. Found 2 JPA repository interfaces.
2024-10-20 23:29:13 [main] INFO  org.springframework.boot.web.embedded.tomcat.TomcatWebServer - Tomcat initialized with port 8099 (http)
2024-10-20 23:29:13 [main] INFO  org.apache.coyote.http11.Http11NioProtocol - Initializing ProtocolHandler ["http-nio-8099"]
2024-10-20 23:29:13 [main] INFO  org.apache.catalina.core.StandardService - Starting service [Tomcat]
2024-10-20 23:29:13 [main] INFO  org.apache.catalina.core.StandardEngine - Starting Servlet engine: [Apache Tomcat/10.1.30]
2024-10-20 23:29:13 [main] INFO  org.apache.catalina.core.ContainerBase.[Tomcat].[localhost].[/] - Initializing Spring embedded WebApplicationContext
2024-10-20 23:29:13 [main] INFO  org.springframework.boot.web.servlet.context.ServletWebServerApplicationContext - Root WebApplicationContext: initialization completed in 1704 ms
2024-10-20 23:29:13 [main] INFO  com.zaxxer.hikari.HikariDataSource - HikariPool-1 - Starting...
2024-10-20 23:29:13 [main] INFO  com.zaxxer.hikari.pool.HikariPool - HikariPool-1 - Added connection conn0: url=jdbc:h2:mem:solidlogindb user=ROOT
2024-10-20 23:29:13 [main] INFO  com.zaxxer.hikari.HikariDataSource - HikariPool-1 - Start completed.
2024-10-20 23:29:13 [main] INFO  org.springframework.boot.autoconfigure.h2.H2ConsoleAutoConfiguration - H2 console available at '/h2-console'. Database available at 'jdbc:h2:mem:solidlogindb'
2024-10-20 23:29:13 [main] INFO  org.hibernate.jpa.internal.util.LogHelper - HHH000204: Processing PersistenceUnitInfo [name: default]
2024-10-20 23:29:14 [main] INFO  org.hibernate.Version - HHH000412: Hibernate ORM core version 6.5.3.Final
2024-10-20 23:29:14 [main] INFO  org.hibernate.cache.internal.RegionFactoryInitiator - HHH000026: Second-level cache disabled
2024-10-20 23:29:14 [main] INFO  org.springframework.orm.jpa.persistenceunit.SpringPersistenceUnitInfo - No LoadTimeWeaver setup: ignoring JPA class transformer
2024-10-20 23:29:14 [main] WARN  org.hibernate.orm.deprecation - HHH90000025: H2Dialect does not need to be specified explicitly using 'hibernate.dialect' (remove the property setting and it will be selected by default)
2024-10-20 23:29:15 [main] INFO  org.hibernate.engine.transaction.jta.platform.internal.JtaPlatformInitiator - HHH000489: No JTA platform available (set 'hibernate.transaction.jta.platform' to enable JTA platform integration)
2024-10-20 23:29:15 [main] INFO  org.springframework.orm.jpa.LocalContainerEntityManagerFactoryBean - Initialized JPA EntityManagerFactory for persistence unit 'default'
2024-10-20 23:29:15 [main] INFO  org.springframework.data.jpa.repository.query.QueryEnhancerFactory - Hibernate is in classpath; If applicable, HQL parser will be used.
2024-10-20 23:29:16 [main] INFO  com.solid.login.service.logger.LoggerManager - Cambiando el tipo de logger despues: class com.solid.login.service.logger.LoogerLog4jImpl
2024-10-20 23:29:16 [main] INFO  com.solid.login.service.cifrado.CifradoManager - Cambiando el tipo de cifrado antes: null
2024-10-20 23:29:16 [main] INFO  com.solid.login.service.cifrado.CifradoManager - Cambiando el tipo de cifrado despues: class com.solid.login.service.cifrado.CifrarBase64Impl
2024-10-20 23:29:16 [main] WARN  org.springframework.boot.autoconfigure.orm.jpa.JpaBaseConfiguration$JpaWebConfiguration - spring.jpa.open-in-view is enabled by default. Therefore, database queries may be performed during view rendering. Explicitly configure spring.jpa.open-in-view to disable this warning
2024-10-20 23:29:16 [main] INFO  org.apache.coyote.http11.Http11NioProtocol - Starting ProtocolHandler ["http-nio-8099"]
2024-10-20 23:29:16 [main] INFO  org.springframework.boot.web.embedded.tomcat.TomcatWebServer - Tomcat started on port 8099 (http) with context path '/'
2024-10-20 23:29:16 [main] INFO  com.solid.login.SolidloginApplication - Started SolidloginApplication in 5.682 seconds (process running for 7.018)
2024-10-20 23:29:24 [http-nio-8099-exec-2] INFO  org.apache.catalina.core.ContainerBase.[Tomcat].[localhost].[/] - Initializing Spring DispatcherServlet 'dispatcherServlet'
2024-10-20 23:29:24 [http-nio-8099-exec-2] INFO  org.springframework.web.servlet.DispatcherServlet - Initializing Servlet 'dispatcherServlet'
2024-10-20 23:29:24 [http-nio-8099-exec-2] INFO  org.springframework.web.servlet.DispatcherServlet - Completed initialization in 1 ms
2024-10-20 23:29:24 [http-nio-8099-exec-2] INFO  com.solid.login.Controller.LoginControllerImpl - usuario augusto NO autenticado...
2024-10-20 23:29:34 [http-nio-8099-exec-3] INFO  com.solid.login.Controller.UsuarioControllerImpl - usuario creado augustodwds
2024-10-20 23:29:39 [http-nio-8099-exec-4] INFO  com.solid.login.Controller.LoginControllerImpl - usuario augusto NO autenticado...
2024-10-20 23:29:44 [http-nio-8099-exec-5] INFO  com.solid.login.Controller.UsuarioControllerImpl - Consultando listado de usuario...
2024-10-20 23:29:48 [http-nio-8099-exec-6] INFO  com.solid.login.Controller.UsuarioControllerImpl - Consultando usuario id = 1 -> Usuario [nombre=Marco Augusto,apellido=Pe침a Alc칩ce,user=augustodwds,pass=MTIzNDU2]
2024-10-20 23:29:53 [http-nio-8099-exec-7] WARN  com.solid.login.Controller.UsuarioControllerImpl - usuario no existe...
2024-10-20 23:36:14 [SpringApplicationShutdownHook] INFO  org.springframework.orm.jpa.LocalContainerEntityManagerFactoryBean - Closing JPA EntityManagerFactory for persistence unit 'default'
2024-10-20 23:36:15 [SpringApplicationShutdownHook] INFO  com.zaxxer.hikari.HikariDataSource - HikariPool-1 - Shutdown initiated...
2024-10-20 23:36:15 [SpringApplicationShutdownHook] INFO  com.zaxxer.hikari.HikariDataSource - HikariPool-1 - Shutdown completed.
